  Building 'KmdfHelloWorld' with toolset 'WindowsKernelModeDriver10.0' and the 'Universal' target platform.
  Stamping x64\Debug\KmdfHelloWorld.inf
  Stamping [Version] section with DriverVer=03/10/2023,10.40.41.750
  KmdfHelloWorld.vcxproj -> C:\Users\zywang\source\repos\KmdfHelloWorld\x64\Debug\KmdfHelloWorld.sys
  Driver is 'Universal'.
  Processing directory (C:\Users\zywang\source\repos\KmdfHelloWorld\x64\Debug\KmdfHelloWorld\) file (kmdfhelloworld.inf)
  Processing directory (C:\Users\zywang\source\repos\KmdfHelloWorld\x64\Debug\KmdfHelloWorld\) file (kmdfhelloworld.sys)
  Parsing INF: C:\Users\zywang\source\repos\KmdfHelloWorld\x64\Debug\KmdfHelloWorld\kmdfhelloworld.inf
  Finished parsing INFs
  Processing INF: C:\Users\zywang\source\repos\KmdfHelloWorld\x64\Debug\KmdfHelloWorld\kmdfhelloworld.inf
  Finished processing INFs
  Testing driver package...
  Testing driver package...
  Testing driver package...
  Testing driver package...
  Testing driver package...
  Testing driver package...
  Testing driver package...
  Testing driver package...
  Testing driver package...
  Testing driver package...
  Testing driver package...
  Testing driver package...
  Testing driver package...
  Testing driver package...
  Testing driver package...
  Testing driver package...
  Testing driver package...
  Testing driver package...
  
  Signability test complete.
  
  Errors:
  None
  
  Warnings:
  None
