c:\users\zywang\source\repos\kmdfhelloworld\kmdfhelloworld\x64\debug\vc142.pdb
c:\users\zywang\source\repos\kmdfhelloworld\kmdfhelloworld\x64\debug\driver.obj
c:\users\zywang\source\repos\kmdfhelloworld\x64\debug\kmdfhelloworld.sys
c:\users\zywang\source\repos\kmdfhelloworld\x64\debug\kmdfhelloworld.pdb
c:\users\zywang\source\repos\kmdfhelloworld\kmdfhelloworld\x64\debug\kmdfhelloworld.inf
c:\users\zywang\source\repos\kmdfhelloworld\x64\debug\kmdfhelloworld.cer
c:\users\zywang\source\repos\kmdfhelloworld\x64\debug\kmdfhelloworld.inf
c:\users\zywang\source\repos\kmdfhelloworld\kmdfhelloworld\x64\debug\kmdfhelloworld.tlog\cl.command.1.tlog
c:\users\zywang\source\repos\kmdfhelloworld\kmdfhelloworld\x64\debug\kmdfhelloworld.tlog\cl.read.1.tlog
c:\users\zywang\source\repos\kmdfhelloworld\kmdfhelloworld\x64\debug\kmdfhelloworld.tlog\cl.write.1.tlog
c:\users\zywang\source\repos\kmdfhelloworld\kmdfhelloworld\x64\debug\kmdfhelloworld.tlog\inf2cat-expand.5868.read.1.tlog
c:\users\zywang\source\repos\kmdfhelloworld\kmdfhelloworld\x64\debug\kmdfhelloworld.tlog\inf2cat-expand.5868.write.1.tlog
c:\users\zywang\source\repos\kmdfhelloworld\kmdfhelloworld\x64\debug\kmdfhelloworld.tlog\inf2cat-expand.read.1.tlog
c:\users\zywang\source\repos\kmdfhelloworld\kmdfhelloworld\x64\debug\kmdfhelloworld.tlog\inf2cat-expand.write.1.tlog
c:\users\zywang\source\repos\kmdfhelloworld\kmdfhelloworld\x64\debug\kmdfhelloworld.tlog\inf2cat.command.1.tlog
c:\users\zywang\source\repos\kmdfhelloworld\kmdfhelloworld\x64\debug\kmdfhelloworld.tlog\inf2cat.read.1.tlog
c:\users\zywang\source\repos\kmdfhelloworld\kmdfhelloworld\x64\debug\kmdfhelloworld.tlog\inf2cat.read.3.tlog
c:\users\zywang\source\repos\kmdfhelloworld\kmdfhelloworld\x64\debug\kmdfhelloworld.tlog\inf2cat.write.1.tlog
c:\users\zywang\source\repos\kmdfhelloworld\kmdfhelloworld\x64\debug\kmdfhelloworld.tlog\link.command.1.tlog
c:\users\zywang\source\repos\kmdfhelloworld\kmdfhelloworld\x64\debug\kmdfhelloworld.tlog\link.read.1.tlog
c:\users\zywang\source\repos\kmdfhelloworld\kmdfhelloworld\x64\debug\kmdfhelloworld.tlog\link.write.1.tlog
c:\users\zywang\source\repos\kmdfhelloworld\kmdfhelloworld\x64\debug\kmdfhelloworld.tlog\signtool.command.1.tlog
c:\users\zywang\source\repos\kmdfhelloworld\kmdfhelloworld\x64\debug\kmdfhelloworld.tlog\signtool.read.1.tlog
c:\users\zywang\source\repos\kmdfhelloworld\kmdfhelloworld\x64\debug\kmdfhelloworld.tlog\signtool.timestamp.1.tlog
c:\users\zywang\source\repos\kmdfhelloworld\kmdfhelloworld\x64\debug\kmdfhelloworld.tlog\signtool.write.1.tlog
c:\users\zywang\source\repos\kmdfhelloworld\kmdfhelloworld\x64\debug\kmdfhelloworld.tlog\stampinf.command.1.tlog
c:\users\zywang\source\repos\kmdfhelloworld\kmdfhelloworld\x64\debug\kmdfhelloworld.tlog\stampinf.read.1.tlog
c:\users\zywang\source\repos\kmdfhelloworld\kmdfhelloworld\x64\debug\kmdfhelloworld.tlog\stampinf.write.1.tlog
